<?xml version="1.0" encoding="UTF-8"?>
<!-- Generated by org.testng.reporters.JUnitReportReporter -->
<testsuite hostname="TYSS-jeevan" failures="0" tests="1" name="BusinessLogic.AddproductCart" time="21.524" errors="0" timestamp="2024-01-30T17:04:57 IST" skipped="0">
  <testcase classname="BusinessLogic.AddproductCart" name="add_product" time="21.524"/>
</testsuite> <!-- BusinessLogic.AddproductCart -->
