<?xml version="1.0" encoding="UTF-8"?>
<!-- Generated by org.testng.reporters.JUnitReportReporter -->
<testsuite hostname="TYSS-jeevan" failures="0" tests="1" name="BusinessLogic.Cart.AddproductCart" time="20.256" errors="0" timestamp="2024-05-02T16:00:43 IST" skipped="0">
  <testcase classname="BusinessLogic.Cart.AddproductCart" name="add_product" time="20.256"/>
</testsuite> <!-- BusinessLogic.Cart.AddproductCart -->
