<?xml version="1.0" encoding="UTF-8"?>
<!-- Generated by org.testng.reporters.JUnitReportReporter -->
<testsuite hostname="TYSS-jeevan" failures="0" tests="1" name="BusinessLogic.Basic_script" time="14.128" errors="0" timestamp="2024-05-02T12:08:09 IST" skipped="0">
  <testcase classname="BusinessLogic.Basic_script" name="fetch_title" time="14.128"/>
</testsuite> <!-- BusinessLogic.Basic_script -->
