<?xml version="1.0" encoding="UTF-8"?>
<!-- Generated by org.testng.reporters.JUnitReportReporter -->
<testsuite hostname="TYSS-jeevan" failures="0" tests="1" name="BusinessLogic.Login_script" time="16.764" errors="0" timestamp="2024-01-03T17:09:24 IST" skipped="0">
  <testcase classname="BusinessLogic.Login_script" name="add_cart" time="16.764"/>
</testsuite> <!-- BusinessLogic.Login_script -->
